<?xml version="1.0" encoding="UTF-8"?>
<!-- Generated by org.testng.reporters.JUnitXMLReporter -->
<testsuite ignored="0" hostname="LAPTOP-ONFE0KF5" failures="0" tests="2" name="Error Validations Test" time="26.501" errors="0" timestamp="26 Oct 2024 17:23:39 GMT">
  <testcase classname="rahulshettyacademy.tests.ErrorValidationsTest" name="LoginErrorValidation" time="0.679"/>
  <testcase classname="rahulshettyacademy.tests.ErrorValidationsTest" name="ProductErrorValidation" time="2.442"/>
</testsuite> <!-- Error Validations Test -->
